<?xml version="1.0" encoding="UTF-8"?>
<coverage generated="1586901964584" clover="3.2.0">
  <project timestamp="1586901964585" name="All files">
    <metrics statements="19" coveredstatements="19" conditionals="11" coveredconditionals="11" methods="10" coveredmethods="10" elements="40" coveredelements="40" complexity="0" loc="19" ncloc="19" packages="1" files="1" classes="1"/>
    <file name="index.js" path="/Users/matt/development/projects/packages/use-refs/src/index.js">
      <metrics statements="19" coveredstatements="19" conditionals="11" coveredconditionals="11" methods="10" coveredmethods="10"/>
      <line num="4" count="3" type="stmt"/>
      <line num="7" count="4" type="cond" truecount="2" falsecount="0"/>
      <line num="8" count="3" type="stmt"/>
      <line num="10" count="1" type="stmt"/>
      <line num="11" count="1" type="stmt"/>
      <line num="16" count="2" type="cond" truecount="2" falsecount="0"/>
      <line num="17" count="1" type="stmt"/>
      <line num="19" count="1" type="stmt"/>
      <line num="22" count="3" type="stmt"/>
      <line num="26" count="11" type="stmt"/>
      <line num="27" count="11" type="stmt"/>
      <line num="28" count="24" type="cond" truecount="2" falsecount="0"/>
      <line num="29" count="4" type="stmt"/>
      <line num="30" count="20" type="cond" truecount="2" falsecount="0"/>
      <line num="35" count="17" type="stmt"/>
      <line num="42" count="5" type="stmt"/>
      <line num="44" count="5" type="stmt"/>
      <line num="46" count="9" type="stmt"/>
      <line num="49" count="2" type="stmt"/>
    </file>
  </project>
</coverage>
