{"/Users/matt/development/projects/packages/use-refs/src/index.js": {"path":"/Users/matt/development/projects/packages/use-refs/src/index.js","statementMap":{"0":{"start":{"line":4,"column":15},"end":{"line":4,"column":32}},"1":{"start":{"line":7,"column":4},"end":{"line":9,"column":5}},"2":{"start":{"line":8,"column":6},"end":{"line":8,"column":75}},"3":{"start":{"line":10,"column":4},"end":{"line":12,"column":5}},"4":{"start":{"line":11,"column":6},"end":{"line":11,"column":32}},"5":{"start":{"line":16,"column":4},"end":{"line":18,"column":5}},"6":{"start":{"line":17,"column":6},"end":{"line":17,"column":17}},"7":{"start":{"line":19,"column":4},"end":{"line":19,"column":32}},"8":{"start":{"line":22,"column":2},"end":{"line":22,"column":41}},"9":{"start":{"line":26,"column":2},"end":{"line":38,"column":3}},"10":{"start":{"line":27,"column":4},"end":{"line":37,"column":6}},"11":{"start":{"line":28,"column":6},"end":{"line":36,"column":7}},"12":{"start":{"line":29,"column":8},"end":{"line":29,"column":22}},"13":{"start":{"line":30,"column":13},"end":{"line":36,"column":7}},"14":{"start":{"line":35,"column":8},"end":{"line":35,"column":31}},"15":{"start":{"line":42,"column":17},"end":{"line":42,"column":25}},"16":{"start":{"line":44,"column":2},"end":{"line":51,"column":3}},"17":{"start":{"line":46,"column":6},"end":{"line":46,"column":38}},"18":{"start":{"line":49,"column":6},"end":{"line":49,"column":29}}},"fnMap":{"0":{"name":"useRefs","decl":{"start":{"line":3,"column":16},"end":{"line":3,"column":23}},"loc":{"start":{"line":3,"column":26},"end":{"line":23,"column":1}},"line":3},"1":{"name":"register","decl":{"start":{"line":6,"column":11},"end":{"line":6,"column":19}},"loc":{"start":{"line":6,"column":25},"end":{"line":13,"column":3}},"line":6},"2":{"name":"(anonymous_2)","decl":{"start":{"line":10,"column":11},"end":{"line":10,"column":12}},"loc":{"start":{"line":10,"column":25},"end":{"line":12,"column":5}},"line":10},"3":{"name":"getRef","decl":{"start":{"line":15,"column":11},"end":{"line":15,"column":17}},"loc":{"start":{"line":15,"column":23},"end":{"line":20,"column":3}},"line":15},"4":{"name":"mergeRefs","decl":{"start":{"line":25,"column":16},"end":{"line":25,"column":25}},"loc":{"start":{"line":25,"column":35},"end":{"line":39,"column":1}},"line":25},"5":{"name":"(anonymous_5)","decl":{"start":{"line":26,"column":9},"end":{"line":26,"column":10}},"loc":{"start":{"line":26,"column":29},"end":{"line":38,"column":3}},"line":26},"6":{"name":"(anonymous_6)","decl":{"start":{"line":27,"column":17},"end":{"line":27,"column":18}},"loc":{"start":{"line":27,"column":24},"end":{"line":37,"column":5}},"line":27},"7":{"name":"useSharedRef","decl":{"start":{"line":41,"column":16},"end":{"line":41,"column":28}},"loc":{"start":{"line":41,"column":38},"end":{"line":52,"column":1}},"line":41},"8":{"name":"(anonymous_8)","decl":{"start":{"line":45,"column":4},"end":{"line":45,"column":5}},"loc":{"start":{"line":45,"column":20},"end":{"line":47,"column":5}},"line":45},"9":{"name":"(anonymous_9)","decl":{"start":{"line":48,"column":4},"end":{"line":48,"column":5}},"loc":{"start":{"line":48,"column":18},"end":{"line":50,"column":5}},"line":48}},"branchMap":{"0":{"loc":{"start":{"line":7,"column":4},"end":{"line":9,"column":5}},"type":"if","locations":[{"start":{"line":7,"column":4},"end":{"line":9,"column":5}},{"start":{"line":7,"column":4},"end":{"line":9,"column":5}}],"line":7},"1":{"loc":{"start":{"line":16,"column":4},"end":{"line":18,"column":5}},"type":"if","locations":[{"start":{"line":16,"column":4},"end":{"line":18,"column":5}},{"start":{"line":16,"column":4},"end":{"line":18,"column":5}}],"line":16},"2":{"loc":{"start":{"line":28,"column":6},"end":{"line":36,"column":7}},"type":"if","locations":[{"start":{"line":28,"column":6},"end":{"line":36,"column":7}},{"start":{"line":28,"column":6},"end":{"line":36,"column":7}}],"line":28},"3":{"loc":{"start":{"line":30,"column":13},"end":{"line":36,"column":7}},"type":"if","locations":[{"start":{"line":30,"column":13},"end":{"line":36,"column":7}},{"start":{"line":30,"column":13},"end":{"line":36,"column":7}}],"line":30},"4":{"loc":{"start":{"line":31,"column":8},"end":{"line":33,"column":27}},"type":"binary-expr","locations":[{"start":{"line":31,"column":8},"end":{"line":31,"column":31}},{"start":{"line":32,"column":8},"end":{"line":32,"column":19}},{"start":{"line":33,"column":8},"end":{"line":33,"column":27}}],"line":31}},"s":{"0":3,"1":4,"2":3,"3":1,"4":1,"5":2,"6":1,"7":1,"8":3,"9":11,"10":11,"11":24,"12":4,"13":20,"14":17,"15":5,"16":5,"17":9,"18":2},"f":{"0":3,"1":4,"2":1,"3":2,"4":11,"5":11,"6":24,"7":5,"8":9,"9":2},"b":{"0":[3,1],"1":[1,1],"2":[4,20],"3":[17,3],"4":[20,19,18]},"_coverageSchema":"43e27e138ebf9cfc5966b082cf9a028302ed4184","hash":"3b758ea4cb4f9b1d701f9fd2cfd35abc19239262"}
}
