TN:
SF:/Users/matt/development/projects/packages/use-refs/src/index.js
FN:3,useRefs
FN:6,register
FN:10,(anonymous_2)
FN:15,getRef
FN:25,mergeRefs
FN:26,(anonymous_5)
FN:27,(anonymous_6)
FN:41,useSharedRef
FN:45,(anonymous_8)
FN:48,(anonymous_9)
FNF:10
FNH:10
FNDA:3,useRefs
FNDA:4,register
FNDA:1,(anonymous_2)
FNDA:2,getRef
FNDA:11,mergeRefs
FNDA:11,(anonymous_5)
FNDA:24,(anonymous_6)
FNDA:5,useSharedRef
FNDA:9,(anonymous_8)
FNDA:2,(anonymous_9)
DA:4,3
DA:7,4
DA:8,3
DA:10,1
DA:11,1
DA:16,2
DA:17,1
DA:19,1
DA:22,3
DA:26,11
DA:27,11
DA:28,24
DA:29,4
DA:30,20
DA:35,17
DA:42,5
DA:44,5
DA:46,9
DA:49,2
LF:19
LH:19
BRDA:7,0,0,3
BRDA:7,0,1,1
BRDA:16,1,0,1
BRDA:16,1,1,1
BRDA:28,2,0,4
BRDA:28,2,1,20
BRDA:30,3,0,17
BRDA:30,3,1,3
BRDA:31,4,0,20
BRDA:31,4,1,19
BRDA:31,4,2,18
BRF:11
BRH:11
end_of_record
