<?xml version="1.0" encoding="UTF-8"?>
<coverage generated="1587087545927" clover="3.2.0">
  <project timestamp="1587087545927" name="All files">
    <metrics statements="18" coveredstatements="18" conditionals="14" coveredconditionals="14" methods="5" coveredmethods="5" elements="37" coveredelements="37" complexity="0" loc="18" ncloc="18" packages="1" files="1" classes="1"/>
    <file name="index.js" path="/Users/matt/development/projects/packages/use-local-storage/src/index.js">
      <metrics statements="18" coveredstatements="18" conditionals="14" coveredconditionals="14" methods="5" coveredmethods="5"/>
      <line num="3" count="1" type="stmt"/>
      <line num="6" count="1" type="stmt"/>
      <line num="7" count="1" type="stmt"/>
      <line num="9" count="1" type="stmt"/>
      <line num="14" count="1" type="stmt"/>
      <line num="26" count="17" type="cond" truecount="2" falsecount="0"/>
      <line num="27" count="2" type="stmt"/>
      <line num="31" count="15" type="cond" truecount="2" falsecount="0"/>
      <line num="32" count="10" type="stmt"/>
      <line num="37" count="5" type="stmt"/>
      <line num="39" count="5" type="stmt"/>
      <line num="41" count="3" type="cond" truecount="4" falsecount="0"/>
      <line num="42" count="2" type="stmt"/>
      <line num="46" count="5" type="stmt"/>
      <line num="47" count="5" type="cond" truecount="2" falsecount="0"/>
      <line num="48" count="2" type="stmt"/>
      <line num="50" count="3" type="stmt"/>
      <line num="54" count="5" type="stmt"/>
    </file>
  </project>
</coverage>
