{"/Users/matt/development/projects/packages/use-local-storage/src/index.js": {"path":"/Users/matt/development/projects/packages/use-local-storage/src/index.js","statementMap":{"0":{"start":{"line":3,"column":28},"end":{"line":3,"column":33}},"1":{"start":{"line":6,"column":2},"end":{"line":10,"column":3}},"2":{"start":{"line":7,"column":4},"end":{"line":7,"column":55}},"3":{"start":{"line":9,"column":4},"end":{"line":9,"column":43}},"4":{"start":{"line":14,"column":2},"end":{"line":14,"column":57}},"5":{"start":{"line":26,"column":2},"end":{"line":30,"column":3}},"6":{"start":{"line":27,"column":4},"end":{"line":29,"column":5}},"7":{"start":{"line":31,"column":2},"end":{"line":35,"column":3}},"8":{"start":{"line":32,"column":4},"end":{"line":34,"column":5}},"9":{"start":{"line":37,"column":19},"end":{"line":37,"column":32}},"10":{"start":{"line":39,"column":2},"end":{"line":44,"column":29}},"11":{"start":{"line":41,"column":4},"end":{"line":43,"column":5}},"12":{"start":{"line":42,"column":6},"end":{"line":42,"column":28}},"13":{"start":{"line":46,"column":2},"end":{"line":52,"column":27}},"14":{"start":{"line":47,"column":4},"end":{"line":51,"column":5}},"15":{"start":{"line":48,"column":6},"end":{"line":48,"column":25}},"16":{"start":{"line":50,"column":6},"end":{"line":50,"column":31}},"17":{"start":{"line":54,"column":2},"end":{"line":54,"column":26}}},"fnMap":{"0":{"name":"defaultGetItem","decl":{"start":{"line":5,"column":9},"end":{"line":5,"column":23}},"loc":{"start":{"line":5,"column":29},"end":{"line":11,"column":1}},"line":5},"1":{"name":"defaultSetItem","decl":{"start":{"line":13,"column":9},"end":{"line":13,"column":23}},"loc":{"start":{"line":13,"column":36},"end":{"line":15,"column":1}},"line":13},"2":{"name":"useLocalStorage","decl":{"start":{"line":17,"column":24},"end":{"line":17,"column":39}},"loc":{"start":{"line":25,"column":2},"end":{"line":55,"column":1}},"line":25},"3":{"name":"(anonymous_3)","decl":{"start":{"line":39,"column":12},"end":{"line":39,"column":13}},"loc":{"start":{"line":39,"column":18},"end":{"line":44,"column":3}},"line":39},"4":{"name":"(anonymous_4)","decl":{"start":{"line":46,"column":12},"end":{"line":46,"column":13}},"loc":{"start":{"line":46,"column":18},"end":{"line":52,"column":3}},"line":46}},"branchMap":{"0":{"loc":{"start":{"line":19,"column":2},"end":{"line":24,"column":8}},"type":"default-arg","locations":[{"start":{"line":24,"column":6},"end":{"line":24,"column":8}}],"line":19},"1":{"loc":{"start":{"line":21,"column":4},"end":{"line":21,"column":18}},"type":"default-arg","locations":[{"start":{"line":21,"column":14},"end":{"line":21,"column":18}}],"line":21},"2":{"loc":{"start":{"line":22,"column":4},"end":{"line":22,"column":28}},"type":"default-arg","locations":[{"start":{"line":22,"column":14},"end":{"line":22,"column":28}}],"line":22},"3":{"loc":{"start":{"line":23,"column":4},"end":{"line":23,"column":28}},"type":"default-arg","locations":[{"start":{"line":23,"column":14},"end":{"line":23,"column":28}}],"line":23},"4":{"loc":{"start":{"line":26,"column":2},"end":{"line":30,"column":3}},"type":"if","locations":[{"start":{"line":26,"column":2},"end":{"line":30,"column":3}},{"start":{"line":26,"column":2},"end":{"line":30,"column":3}}],"line":26},"5":{"loc":{"start":{"line":31,"column":2},"end":{"line":35,"column":3}},"type":"if","locations":[{"start":{"line":31,"column":2},"end":{"line":35,"column":3}},{"start":{"line":31,"column":2},"end":{"line":35,"column":3}}],"line":31},"6":{"loc":{"start":{"line":41,"column":4},"end":{"line":43,"column":5}},"type":"if","locations":[{"start":{"line":41,"column":4},"end":{"line":43,"column":5}},{"start":{"line":41,"column":4},"end":{"line":43,"column":5}}],"line":41},"7":{"loc":{"start":{"line":41,"column":8},"end":{"line":41,"column":38}},"type":"binary-expr","locations":[{"start":{"line":41,"column":8},"end":{"line":41,"column":15}},{"start":{"line":41,"column":19},"end":{"line":41,"column":38}}],"line":41},"8":{"loc":{"start":{"line":47,"column":4},"end":{"line":51,"column":5}},"type":"if","locations":[{"start":{"line":47,"column":4},"end":{"line":51,"column":5}},{"start":{"line":47,"column":4},"end":{"line":51,"column":5}}],"line":47}},"s":{"0":1,"1":1,"2":1,"3":1,"4":1,"5":17,"6":2,"7":15,"8":10,"9":5,"10":5,"11":3,"12":2,"13":5,"14":5,"15":2,"16":3,"17":5},"f":{"0":1,"1":1,"2":17,"3":3,"4":5},"b":{"0":[2],"1":[14],"2":[14],"3":[14],"4":[2,15],"5":[10,5],"6":[2,1],"7":[3,2],"8":[2,3]},"_coverageSchema":"43e27e138ebf9cfc5966b082cf9a028302ed4184","hash":"930101e21a126918cba0f63ef3787c48a99fab93"}
}
