TN:
SF:/Users/matt/development/projects/packages/use-local-storage/src/index.js
FN:5,defaultGetItem
FN:13,defaultSetItem
FN:17,useLocalStorage
FN:39,(anonymous_3)
FN:46,(anonymous_4)
FNF:5
FNH:5
FNDA:1,defaultGetItem
FNDA:1,defaultSetItem
FNDA:17,useLocalStorage
FNDA:3,(anonymous_3)
FNDA:5,(anonymous_4)
DA:3,1
DA:6,1
DA:7,1
DA:9,1
DA:14,1
DA:26,17
DA:27,2
DA:31,15
DA:32,10
DA:37,5
DA:39,5
DA:41,3
DA:42,2
DA:46,5
DA:47,5
DA:48,2
DA:50,3
DA:54,5
LF:18
LH:18
BRDA:19,0,0,2
BRDA:21,1,0,14
BRDA:22,2,0,14
BRDA:23,3,0,14
BRDA:26,4,0,2
BRDA:26,4,1,15
BRDA:31,5,0,10
BRDA:31,5,1,5
BRDA:41,6,0,2
BRDA:41,6,1,1
BRDA:41,7,0,3
BRDA:41,7,1,2
BRDA:47,8,0,2
BRDA:47,8,1,3
BRF:14
BRH:14
end_of_record
